<?xml version="1.0" encoding="UTF-8"?>
<!-- Generated by org.testng.reporters.JUnitReportReporter -->
<testsuite skipped="0" hostname="LAPTOP-CJ9C79J5" name="Runner.TestRunner1" tests="1" failures="0" timestamp="2020-04-12T16:19:59 IST" time="26.423" errors="0">
  <testcase name="login" time="26.423" classname="Runner.TestRunner1"/>
  <system-out/>
</testsuite> <!-- Runner.TestRunner1 -->
