<?xml version="1.0" encoding="UTF-8"?>
<!-- Generated by org.testng.reporters.JUnitReportReporter -->
<testsuite skipped="0" hostname="LAPTOP-CJ9C79J5" name="Runner.LoginRunner" tests="1" failures="0" timestamp="2020-04-13T11:43:03 IST" time="43.316" errors="0">
  <testcase name="login" time="43.316" classname="Runner.LoginRunner"/>
  <system-out/>
</testsuite> <!-- Runner.LoginRunner -->
