<?xml version="1.0" encoding="UTF-8"?>
<!-- Generated by org.testng.reporters.JUnitReportReporter -->
<testsuite skipped="0" hostname="LAPTOP-CJ9C79J5" name="Runner.PlaceOrderRunner" tests="1" failures="0" timestamp="2020-04-13T11:47:14 IST" time="46.541" errors="0">
  <testcase name="login" time="46.541" classname="Runner.PlaceOrderRunner"/>
  <system-out/>
</testsuite> <!-- Runner.PlaceOrderRunner -->
