<?xml version="1.0" encoding="UTF-8"?>
<!-- Generated by org.testng.reporters.JUnitReportReporter -->
<testsuite skipped="0" hostname="LAPTOP-CJ9C79J5" name="Runner.TestRunner5" tests="1" failures="0" timestamp="2020-04-12T23:19:44 IST" time="0.056" errors="0">
  <testcase name="login" time="0.056" classname="Runner.TestRunner5"/>
  <system-out/>
</testsuite> <!-- Runner.TestRunner5 -->
