<?xml version="1.0" encoding="UTF-8"?>
<!-- Generated by org.testng.reporters.JUnitReportReporter -->
<testsuite skipped="0" hostname="LAPTOP-CJ9C79J5" name="Runner.RemoveItemsRunner" tests="1" failures="0" timestamp="2020-04-12T23:56:49 IST" time="38.348" errors="0">
  <testcase name="login" time="38.348" classname="Runner.RemoveItemsRunner"/>
  <system-out/>
</testsuite> <!-- Runner.RemoveItemsRunner -->
