<?xml version="1.0" encoding="UTF-8"?>
<!-- Generated by org.testng.reporters.JUnitReportReporter -->
<testsuite skipped="0" hostname="LAPTOP-CJ9C79J5" name="Runner.CheckOutRunner" tests="1" failures="0" timestamp="2020-04-13T00:13:05 IST" time="43.266" errors="0">
  <testcase name="login" time="43.266" classname="Runner.CheckOutRunner"/>
  <system-out/>
</testsuite> <!-- Runner.CheckOutRunner -->
