<?xml version="1.0" encoding="UTF-8"?>
<!-- Generated by org.testng.reporters.JUnitReportReporter -->
<testsuite skipped="0" hostname="LAPTOP-CJ9C79J5" name="Runner.TestRunner2" tests="1" failures="0" timestamp="2020-04-12T16:11:22 IST" time="42.263" errors="0">
  <testcase name="login" time="42.263" classname="Runner.TestRunner2"/>
  <system-out/>
</testsuite> <!-- Runner.TestRunner2 -->
