<?xml version="1.0" encoding="UTF-8"?>
<!-- Generated by org.testng.reporters.JUnitReportReporter -->
<testsuite skipped="0" hostname="LAPTOP-CJ9C79J5" name="Runner.TestRunner3" tests="1" failures="0" timestamp="2020-04-12T16:12:52 IST" time="46.330" errors="0">
  <testcase name="login" time="46.330" classname="Runner.TestRunner3"/>
  <system-out/>
</testsuite> <!-- Runner.TestRunner3 -->
